2023-03-13 02:24:26,887 INFO org.springframework.boot.StartupInfoLogger [main] Starting CurrencyApiKotlinApplicationKt using Java 17.0.6 on DESKTOP-B6VGA76 with PID 19096 (D:\Documents\Proyectos\CurrencyAPI_Kotlin\target\classes started by Nao in D:\Documents\Proyectos\CurrencyAPI_Kotlin)
2023-03-13 02:24:26,901 INFO org.springframework.boot.SpringApplication [main] No active profile set, falling back to 1 default profile: "default"
2023-03-13 02:24:29,068 INFO org.springframework.data.repository.config.RepositoryConfigurationDelegate [main] Bootstrapping Spring Data JPA repositories in DEFAULT mode.
2023-03-13 02:24:29,176 INFO org.springframework.data.repository.config.RepositoryConfigurationDelegate [main] Finished Spring Data repository scanning in 83 ms. Found 2 JPA repository interfaces.
2023-03-13 02:24:30,784 INFO org.springframework.boot.web.embedded.tomcat.TomcatWebServer [main] Tomcat initialized with port(s): 8080 (http)
2023-03-13 02:24:30,820 INFO org.apache.juli.logging.DirectJDKLog [main] Initializing ProtocolHandler ["http-nio-8080"]
2023-03-13 02:24:30,823 INFO org.apache.juli.logging.DirectJDKLog [main] Starting service [Tomcat]
2023-03-13 02:24:30,825 INFO org.apache.juli.logging.DirectJDKLog [main] Starting Servlet engine: [Apache Tomcat/9.0.71]
2023-03-13 02:24:31,093 INFO org.apache.juli.logging.DirectJDKLog [main] Initializing Spring embedded WebApplicationContext
2023-03-13 02:24:31,094 INFO org.springframework.boot.web.servlet.context.ServletWebServerApplicationContext [main] Root WebApplicationContext: initialization completed in 4052 ms
2023-03-13 02:24:31,615 INFO org.hibernate.jpa.internal.util.LogHelper [main] HHH000204: Processing PersistenceUnitInfo [name: default]
2023-03-13 02:24:31,806 INFO org.hibernate.Version [main] HHH000412: Hibernate ORM core version 5.6.14.Final
2023-03-13 02:24:32,152 INFO org.hibernate.annotations.common.reflection.java.JavaReflectionManager [main] HCANN000001: Hibernate Commons Annotations {5.1.2.Final}
2023-03-13 02:24:32,884 INFO org.hibernate.dialect.Dialect [main] HHH000400: Using dialect: org.hibernate.dialect.PostgreSQL10Dialect
2023-03-13 02:24:33,694 INFO org.hibernate.engine.transaction.jta.platform.internal.JtaPlatformInitiator [main] HHH000490: Using JtaPlatform implementation: [org.hibernate.engine.transaction.jta.platform.internal.NoJtaPlatform]
2023-03-13 02:24:33,711 INFO org.springframework.orm.jpa.AbstractEntityManagerFactoryBean [main] Initialized JPA EntityManagerFactory for persistence unit 'default'
2023-03-13 02:24:34,537 WARN org.springframework.boot.autoconfigure.orm.jpa.JpaBaseConfiguration$JpaWebConfiguration [main] spring.jpa.open-in-view is enabled by default. Therefore, database queries may be performed during view rendering. Explicitly configure spring.jpa.open-in-view to disable this warning
2023-03-13 02:24:35,711 INFO org.apache.juli.logging.DirectJDKLog [main] Starting ProtocolHandler ["http-nio-8080"]
2023-03-13 02:24:35,773 INFO org.springframework.boot.web.embedded.tomcat.TomcatWebServer [main] Tomcat started on port(s): 8080 (http) with context path ''
2023-03-13 02:24:35,791 INFO org.springframework.boot.StartupInfoLogger [main] Started CurrencyApiKotlinApplicationKt in 11.521 seconds (JVM running for 12.517)
2023-03-13 02:25:56,285 INFO org.apache.juli.logging.DirectJDKLog [http-nio-8080-exec-1] Initializing Spring DispatcherServlet 'dispatcherServlet'
2023-03-13 02:25:56,291 INFO org.springframework.web.servlet.FrameworkServlet [http-nio-8080-exec-1] Initializing Servlet 'dispatcherServlet'
2023-03-13 02:25:56,327 INFO org.springframework.web.servlet.FrameworkServlet [http-nio-8080-exec-1] Completed initialization in 35 ms
2023-03-13 02:25:56,530 INFO arquitectura.software.demo.api.CurrencyApi [http-nio-8080-exec-1] Procesando solicitud de conversion de moneda: 100 bob  a eur
2023-03-13 02:25:56,533 INFO arquitectura.software.demo.bl.CurrencyBl [http-nio-8080-exec-1] Convirtiendo 100 bob a eur
2023-03-13 02:25:58,221 INFO arquitectura.software.demo.bl.CurrencyBl [http-nio-8080-exec-1] Respuesta de la API: ResponseDto(success=true, query=QueryDto(from=BOB, to=EUR, amount=100), date=2023-03-13, result=13.5661)
2023-03-13 02:25:58,466 INFO arquitectura.software.demo.bl.CurrencyBl [http-nio-8080-exec-1] Respuesta guardada en bd correctamente
2023-03-13 02:29:20,259 INFO arquitectura.software.demo.api.CurrencyApi [http-nio-8080-exec-3] Procesando solicitud de conversion de moneda: 1900 bob  a eur
2023-03-13 02:29:20,312 INFO arquitectura.software.demo.bl.CurrencyBl [http-nio-8080-exec-3] Convirtiendo 1900 bob a eur
2023-03-13 02:29:21,177 INFO arquitectura.software.demo.bl.CurrencyBl [http-nio-8080-exec-3] Respuesta de la API: ResponseDto(success=true, query=QueryDto(from=BOB, to=EUR, amount=1900), date=2023-03-13, result=257.7939)
2023-03-13 02:29:21,405 INFO arquitectura.software.demo.bl.CurrencyBl [http-nio-8080-exec-3] Respuesta guardada en bd correctamente
2023-03-13 02:29:27,453 INFO arquitectura.software.demo.api.CurrencyApi [http-nio-8080-exec-4] Procesando solicitud de conversion de moneda: 1200 bob  a eur
2023-03-13 02:29:27,455 INFO arquitectura.software.demo.bl.CurrencyBl [http-nio-8080-exec-4] Convirtiendo 1200 bob a eur
2023-03-13 02:29:28,063 INFO arquitectura.software.demo.bl.CurrencyBl [http-nio-8080-exec-4] Respuesta de la API: ResponseDto(success=true, query=QueryDto(from=BOB, to=EUR, amount=1200), date=2023-03-13, result=162.8172)
2023-03-13 02:29:28,256 INFO arquitectura.software.demo.bl.CurrencyBl [http-nio-8080-exec-4] Respuesta guardada en bd correctamente
2023-03-13 02:29:34,480 INFO arquitectura.software.demo.api.CurrencyApi [http-nio-8080-exec-5] Procesando solicitud de conversion de moneda: 1200 bob  a usd
2023-03-13 02:29:34,481 INFO arquitectura.software.demo.bl.CurrencyBl [http-nio-8080-exec-5] Convirtiendo 1200 bob a usd
2023-03-13 02:29:34,928 INFO arquitectura.software.demo.bl.CurrencyBl [http-nio-8080-exec-5] Respuesta de la API: ResponseDto(success=true, query=QueryDto(from=BOB, to=USD, amount=1200), date=2023-03-13, result=174.522)
2023-03-13 02:29:35,040 INFO arquitectura.software.demo.bl.CurrencyBl [http-nio-8080-exec-5] Respuesta guardada en bd correctamente
2023-03-13 02:29:40,057 INFO arquitectura.software.demo.api.CurrencyApi [http-nio-8080-exec-6] Procesando solicitud de conversion de moneda: 1200 eur  a usd
2023-03-13 02:29:40,058 INFO arquitectura.software.demo.bl.CurrencyBl [http-nio-8080-exec-6] Convirtiendo 1200 eur a usd
2023-03-13 02:29:40,498 INFO arquitectura.software.demo.bl.CurrencyBl [http-nio-8080-exec-6] Respuesta de la API: ResponseDto(success=true, query=QueryDto(from=EUR, to=USD, amount=1200), date=2023-03-13, result=1286.2704)
2023-03-13 02:29:40,555 INFO arquitectura.software.demo.bl.CurrencyBl [http-nio-8080-exec-6] Respuesta guardada en bd correctamente
2023-03-13 02:29:43,210 INFO arquitectura.software.demo.api.CurrencyApi [http-nio-8080-exec-2] Procesando solicitud de conversion de moneda: 344 eur  a usd
2023-03-13 02:29:43,211 INFO arquitectura.software.demo.bl.CurrencyBl [http-nio-8080-exec-2] Convirtiendo 344 eur a usd
2023-03-13 02:29:43,688 INFO arquitectura.software.demo.bl.CurrencyBl [http-nio-8080-exec-2] Respuesta de la API: ResponseDto(success=true, query=QueryDto(from=EUR, to=USD, amount=344), date=2023-03-13, result=368.730848)
2023-03-13 02:29:43,751 INFO arquitectura.software.demo.bl.CurrencyBl [http-nio-8080-exec-2] Respuesta guardada en bd correctamente
2023-03-13 02:29:46,568 INFO arquitectura.software.demo.api.CurrencyApi [http-nio-8080-exec-7] Procesando solicitud de conversion de moneda: 12213 eur  a usd
2023-03-13 02:29:46,570 INFO arquitectura.software.demo.bl.CurrencyBl [http-nio-8080-exec-7] Convirtiendo 12213 eur a usd
2023-03-13 02:29:47,163 INFO arquitectura.software.demo.bl.CurrencyBl [http-nio-8080-exec-7] Respuesta de la API: ResponseDto(success=true, query=QueryDto(from=EUR, to=USD, amount=12213), date=2023-03-13, result=13091.016996)
2023-03-13 02:29:47,223 INFO arquitectura.software.demo.bl.CurrencyBl [http-nio-8080-exec-7] Respuesta guardada en bd correctamente
2023-03-13 02:29:51,330 INFO arquitectura.software.demo.api.CurrencyApi [http-nio-8080-exec-10] Procesando solicitud de conversion de moneda: 12213 eur  a bob
2023-03-13 02:29:51,332 INFO arquitectura.software.demo.bl.CurrencyBl [http-nio-8080-exec-10] Convirtiendo 12213 eur a bob
2023-03-13 02:29:51,929 INFO arquitectura.software.demo.bl.CurrencyBl [http-nio-8080-exec-10] Respuesta de la API: ResponseDto(success=true, query=QueryDto(from=EUR, to=BOB, amount=12213), date=2023-03-13, result=90012.655629)
2023-03-13 02:29:51,996 INFO arquitectura.software.demo.bl.CurrencyBl [http-nio-8080-exec-10] Respuesta guardada en bd correctamente
2023-03-13 02:30:01,595 INFO arquitectura.software.demo.api.CurrencyApi [http-nio-8080-exec-9] Procesando solicitud de conversion de moneda: 12213 eur  a bob
2023-03-13 02:30:01,596 INFO arquitectura.software.demo.bl.CurrencyBl [http-nio-8080-exec-9] Convirtiendo 12213 eur a bob
2023-03-13 02:30:02,081 INFO arquitectura.software.demo.bl.CurrencyBl [http-nio-8080-exec-9] Respuesta de la API: ResponseDto(success=true, query=QueryDto(from=EUR, to=BOB, amount=12213), date=2023-03-13, result=90018.469017)
2023-03-13 02:30:02,126 INFO arquitectura.software.demo.bl.CurrencyBl [http-nio-8080-exec-9] Respuesta guardada en bd correctamente
2023-03-13 02:30:02,701 INFO arquitectura.software.demo.api.CurrencyApi [http-nio-8080-exec-8] Procesando solicitud de conversion de moneda: 12213 eur  a bob
2023-03-13 02:30:02,702 INFO arquitectura.software.demo.bl.CurrencyBl [http-nio-8080-exec-8] Convirtiendo 12213 eur a bob
2023-03-13 02:30:03,195 INFO arquitectura.software.demo.bl.CurrencyBl [http-nio-8080-exec-8] Respuesta de la API: ResponseDto(success=true, query=QueryDto(from=EUR, to=BOB, amount=12213), date=2023-03-13, result=90018.469017)
2023-03-13 02:30:03,252 INFO arquitectura.software.demo.bl.CurrencyBl [http-nio-8080-exec-8] Respuesta guardada en bd correctamente
2023-03-13 02:30:15,283 INFO arquitectura.software.demo.api.CurrencyApi [http-nio-8080-exec-1] Procesando solicitud de conversion de moneda: 12213 bob  a eur
2023-03-13 02:30:15,284 INFO arquitectura.software.demo.bl.CurrencyBl [http-nio-8080-exec-1] Convirtiendo 12213 bob a eur
2023-03-13 02:30:15,764 INFO arquitectura.software.demo.bl.CurrencyBl [http-nio-8080-exec-1] Respuesta de la API: ResponseDto(success=true, query=QueryDto(from=BOB, to=EUR, amount=12213), date=2023-03-13, result=1656.962136)
2023-03-13 02:30:15,820 INFO arquitectura.software.demo.bl.CurrencyBl [http-nio-8080-exec-1] Respuesta guardada en bd correctamente
2023-03-13 02:30:30,815 INFO arquitectura.software.demo.api.CurrencyApi [http-nio-8080-exec-3] Procesando solicitud de historial de conversiones
2023-03-13 02:30:30,817 INFO arquitectura.software.demo.bl.CurrencyBl [http-nio-8080-exec-3] Obteniendo historial de conversiones
2023-03-13 02:31:35,847 INFO arquitectura.software.demo.api.CurrencyApi [http-nio-8080-exec-4] Procesando solicitud de historial de conversiones
2023-03-13 02:31:35,851 INFO arquitectura.software.demo.bl.CurrencyBl [http-nio-8080-exec-4] Obteniendo historial de conversiones
2023-03-13 02:31:52,871 INFO arquitectura.software.demo.api.CurrencyApi [http-nio-8080-exec-5] Procesando solicitud de historial de conversiones
2023-03-13 02:31:52,874 INFO arquitectura.software.demo.bl.CurrencyBl [http-nio-8080-exec-5] Obteniendo historial de conversiones
2023-03-13 02:32:00,310 INFO arquitectura.software.demo.api.CurrencyApi [http-nio-8080-exec-6] Procesando solicitud de historial de conversiones
2023-03-13 02:32:00,311 INFO arquitectura.software.demo.bl.CurrencyBl [http-nio-8080-exec-6] Obteniendo historial de conversiones
2023-03-13 02:32:19,424 INFO arquitectura.software.demo.api.CurrencyApi [http-nio-8080-exec-2] Procesando solicitud de historial de conversiones
2023-03-13 02:32:19,430 INFO arquitectura.software.demo.bl.CurrencyBl [http-nio-8080-exec-2] Obteniendo historial de conversiones
2023-03-13 02:32:38,177 INFO arquitectura.software.demo.api.CurrencyApi [http-nio-8080-exec-7] Procesando solicitud de historial de conversiones
2023-03-13 02:32:38,179 INFO arquitectura.software.demo.bl.CurrencyBl [http-nio-8080-exec-7] Obteniendo historial de conversiones
2023-03-13 02:38:01,213 INFO org.springframework.orm.jpa.AbstractEntityManagerFactoryBean [SpringApplicationShutdownHook] Closing JPA EntityManagerFactory for persistence unit 'default'
2023-03-13 03:15:03,395 INFO org.springframework.boot.StartupInfoLogger [main] Starting CurrencyApiKotlinApplicationKt using Java 17.0.6 on DESKTOP-B6VGA76 with PID 15124 (D:\Documents\Proyectos\CurrencyAPI_Kotlin\target\classes started by Nao in D:\Documents\Proyectos\CurrencyAPI_Kotlin)
2023-03-13 03:15:03,401 INFO org.springframework.boot.SpringApplication [main] No active profile set, falling back to 1 default profile: "default"
2023-03-13 03:15:04,602 INFO org.springframework.data.repository.config.RepositoryConfigurationDelegate [main] Bootstrapping Spring Data JPA repositories in DEFAULT mode.
2023-03-13 03:15:04,728 INFO org.springframework.data.repository.config.RepositoryConfigurationDelegate [main] Finished Spring Data repository scanning in 101 ms. Found 2 JPA repository interfaces.
2023-03-13 03:15:05,954 INFO org.springframework.boot.web.embedded.tomcat.TomcatWebServer [main] Tomcat initialized with port(s): 8080 (http)
2023-03-13 03:15:05,977 INFO org.apache.juli.logging.DirectJDKLog [main] Initializing ProtocolHandler ["http-nio-8080"]
2023-03-13 03:15:05,979 INFO org.apache.juli.logging.DirectJDKLog [main] Starting service [Tomcat]
2023-03-13 03:15:05,980 INFO org.apache.juli.logging.DirectJDKLog [main] Starting Servlet engine: [Apache Tomcat/9.0.71]
2023-03-13 03:15:06,184 INFO org.apache.juli.logging.DirectJDKLog [main] Initializing Spring embedded WebApplicationContext
2023-03-13 03:15:06,185 INFO org.springframework.boot.web.servlet.context.ServletWebServerApplicationContext [main] Root WebApplicationContext: initialization completed in 2680 ms
2023-03-13 03:15:06,734 INFO org.hibernate.jpa.internal.util.LogHelper [main] HHH000204: Processing PersistenceUnitInfo [name: default]
2023-03-13 03:15:06,877 INFO org.hibernate.Version [main] HHH000412: Hibernate ORM core version 5.6.14.Final
2023-03-13 03:15:07,151 INFO org.hibernate.annotations.common.reflection.java.JavaReflectionManager [main] HCANN000001: Hibernate Commons Annotations {5.1.2.Final}
2023-03-13 03:15:07,662 INFO org.hibernate.dialect.Dialect [main] HHH000400: Using dialect: org.hibernate.dialect.PostgreSQL10Dialect
2023-03-13 03:15:08,431 INFO org.hibernate.engine.transaction.jta.platform.internal.JtaPlatformInitiator [main] HHH000490: Using JtaPlatform implementation: [org.hibernate.engine.transaction.jta.platform.internal.NoJtaPlatform]
2023-03-13 03:15:08,447 INFO org.springframework.orm.jpa.AbstractEntityManagerFactoryBean [main] Initialized JPA EntityManagerFactory for persistence unit 'default'
2023-03-13 03:15:09,415 WARN org.springframework.boot.autoconfigure.orm.jpa.JpaBaseConfiguration$JpaWebConfiguration [main] spring.jpa.open-in-view is enabled by default. Therefore, database queries may be performed during view rendering. Explicitly configure spring.jpa.open-in-view to disable this warning
2023-03-13 03:15:13,223 INFO org.apache.juli.logging.DirectJDKLog [main] Starting ProtocolHandler ["http-nio-8080"]
2023-03-13 03:15:13,302 INFO org.springframework.boot.web.embedded.tomcat.TomcatWebServer [main] Tomcat started on port(s): 8080 (http) with context path ''
2023-03-13 03:15:13,322 INFO org.springframework.boot.StartupInfoLogger [main] Started CurrencyApiKotlinApplicationKt in 11.17 seconds (JVM running for 11.836)
2023-03-13 03:15:38,365 INFO org.apache.juli.logging.DirectJDKLog [http-nio-8080-exec-3] Initializing Spring DispatcherServlet 'dispatcherServlet'
2023-03-13 03:15:38,366 INFO org.springframework.web.servlet.FrameworkServlet [http-nio-8080-exec-3] Initializing Servlet 'dispatcherServlet'
2023-03-13 03:15:38,369 INFO org.springframework.web.servlet.FrameworkServlet [http-nio-8080-exec-3] Completed initialization in 2 ms
2023-03-13 03:15:38,447 INFO arquitectura.software.demo.api.CurrencyApi [http-nio-8080-exec-3] Procesando solicitud de conversion de moneda: 55 bob  a eur
2023-03-13 03:15:38,449 INFO arquitectura.software.demo.bl.CurrencyBl [http-nio-8080-exec-3] Convirtiendo 55 bob a eur
2023-03-13 03:15:40,203 INFO arquitectura.software.demo.bl.CurrencyBl [http-nio-8080-exec-3] Respuesta de la API: ResponseDto(success=true, query=QueryDto(from=BOB, to=EUR, amount=55), date=2023-03-13, result=7.46251)
2023-03-13 03:15:40,370 INFO arquitectura.software.demo.bl.CurrencyBl [http-nio-8080-exec-3] Respuesta guardada en bd correctamente
2023-03-13 03:15:46,326 INFO arquitectura.software.demo.api.CurrencyApi [http-nio-8080-exec-2] Procesando solicitud de historial de conversiones
2023-03-13 03:15:46,331 INFO arquitectura.software.demo.bl.CurrencyBl [http-nio-8080-exec-2] Obteniendo historial de conversiones: page=1, size=5
2023-03-13 03:16:58,698 INFO org.springframework.orm.jpa.AbstractEntityManagerFactoryBean [SpringApplicationShutdownHook] Closing JPA EntityManagerFactory for persistence unit 'default'
2023-03-13 03:17:41,436 INFO org.springframework.boot.StartupInfoLogger [main] Starting CurrencyApiKotlinApplicationKt using Java 17.0.6 on DESKTOP-B6VGA76 with PID 13108 (D:\Documents\Proyectos\CurrencyAPI_Kotlin\target\classes started by Nao in D:\Documents\Proyectos\CurrencyAPI_Kotlin)
2023-03-13 03:17:41,447 INFO org.springframework.boot.SpringApplication [main] No active profile set, falling back to 1 default profile: "default"
2023-03-13 03:17:42,928 INFO org.springframework.data.repository.config.RepositoryConfigurationDelegate [main] Bootstrapping Spring Data JPA repositories in DEFAULT mode.
2023-03-13 03:17:43,079 INFO org.springframework.data.repository.config.RepositoryConfigurationDelegate [main] Finished Spring Data repository scanning in 126 ms. Found 2 JPA repository interfaces.
2023-03-13 03:17:49,466 INFO org.springframework.boot.web.embedded.tomcat.TomcatWebServer [main] Tomcat initialized with port(s): 8080 (http)
2023-03-13 03:17:49,578 INFO org.apache.juli.logging.DirectJDKLog [main] Initializing ProtocolHandler ["http-nio-8080"]
2023-03-13 03:17:49,581 INFO org.apache.juli.logging.DirectJDKLog [main] Starting service [Tomcat]
2023-03-13 03:17:49,582 INFO org.apache.juli.logging.DirectJDKLog [main] Starting Servlet engine: [Apache Tomcat/9.0.71]
2023-03-13 03:17:49,863 INFO org.apache.juli.logging.DirectJDKLog [main] Initializing Spring embedded WebApplicationContext
2023-03-13 03:17:49,864 INFO org.springframework.boot.web.servlet.context.ServletWebServerApplicationContext [main] Root WebApplicationContext: initialization completed in 8249 ms
2023-03-13 03:17:50,541 INFO org.hibernate.jpa.internal.util.LogHelper [main] HHH000204: Processing PersistenceUnitInfo [name: default]
2023-03-13 03:17:50,706 INFO org.hibernate.Version [main] HHH000412: Hibernate ORM core version 5.6.14.Final
2023-03-13 03:17:51,140 INFO org.hibernate.annotations.common.reflection.java.JavaReflectionManager [main] HCANN000001: Hibernate Commons Annotations {5.1.2.Final}
2023-03-13 03:17:51,690 INFO org.hibernate.dialect.Dialect [main] HHH000400: Using dialect: org.hibernate.dialect.PostgreSQL10Dialect
2023-03-13 03:17:54,414 INFO org.hibernate.engine.transaction.jta.platform.internal.JtaPlatformInitiator [main] HHH000490: Using JtaPlatform implementation: [org.hibernate.engine.transaction.jta.platform.internal.NoJtaPlatform]
2023-03-13 03:17:54,443 INFO org.springframework.orm.jpa.AbstractEntityManagerFactoryBean [main] Initialized JPA EntityManagerFactory for persistence unit 'default'
2023-03-13 03:17:55,995 WARN org.springframework.boot.autoconfigure.orm.jpa.JpaBaseConfiguration$JpaWebConfiguration [main] spring.jpa.open-in-view is enabled by default. Therefore, database queries may be performed during view rendering. Explicitly configure spring.jpa.open-in-view to disable this warning
2023-03-13 03:17:57,513 INFO org.apache.juli.logging.DirectJDKLog [main] Starting ProtocolHandler ["http-nio-8080"]
2023-03-13 03:17:57,569 INFO org.springframework.boot.web.embedded.tomcat.TomcatWebServer [main] Tomcat started on port(s): 8080 (http) with context path ''
2023-03-13 03:17:57,587 INFO org.springframework.boot.StartupInfoLogger [main] Started CurrencyApiKotlinApplicationKt in 17.437 seconds (JVM running for 18.105)
2023-03-13 03:18:07,210 INFO org.apache.juli.logging.DirectJDKLog [http-nio-8080-exec-2] Initializing Spring DispatcherServlet 'dispatcherServlet'
2023-03-13 03:18:07,213 INFO org.springframework.web.servlet.FrameworkServlet [http-nio-8080-exec-2] Initializing Servlet 'dispatcherServlet'
2023-03-13 03:18:07,218 INFO org.springframework.web.servlet.FrameworkServlet [http-nio-8080-exec-2] Completed initialization in 3 ms
2023-03-13 03:18:07,328 INFO arquitectura.software.demo.api.CurrencyApi [http-nio-8080-exec-2] Procesando solicitud de historial de conversiones
2023-03-13 03:18:07,332 INFO arquitectura.software.demo.bl.CurrencyBl [http-nio-8080-exec-2] Obteniendo historial de conversiones: page=1, size=5
2023-03-13 03:20:00,389 INFO arquitectura.software.demo.api.CurrencyApi [http-nio-8080-exec-1] Procesando solicitud de historial de conversiones
2023-03-13 03:20:00,391 INFO arquitectura.software.demo.bl.CurrencyBl [http-nio-8080-exec-1] Obteniendo historial de conversiones: page=2, size=5
2023-03-13 03:26:49,975 INFO org.springframework.orm.jpa.AbstractEntityManagerFactoryBean [SpringApplicationShutdownHook] Closing JPA EntityManagerFactory for persistence unit 'default'
2023-03-13 03:56:48,422 INFO org.springframework.boot.StartupInfoLogger [main] Starting CurrencyApiKotlinApplicationKt using Java 17.0.6 on DESKTOP-B6VGA76 with PID 16040 (D:\Documents\Proyectos\CurrencyAPI_Kotlin\target\classes started by Nao in D:\Documents\Proyectos\CurrencyAPI_Kotlin)
2023-03-13 03:56:48,428 INFO org.springframework.boot.SpringApplication [main] No active profile set, falling back to 1 default profile: "default"
2023-03-13 03:56:49,789 INFO org.springframework.data.repository.config.RepositoryConfigurationDelegate [main] Bootstrapping Spring Data JPA repositories in DEFAULT mode.
2023-03-13 03:56:49,913 INFO org.springframework.data.repository.config.RepositoryConfigurationDelegate [main] Finished Spring Data repository scanning in 98 ms. Found 2 JPA repository interfaces.
2023-03-13 03:56:51,736 INFO org.springframework.boot.web.embedded.tomcat.TomcatWebServer [main] Tomcat initialized with port(s): 8080 (http)
2023-03-13 03:56:51,761 INFO org.apache.juli.logging.DirectJDKLog [main] Initializing ProtocolHandler ["http-nio-8080"]
2023-03-13 03:56:51,763 INFO org.apache.juli.logging.DirectJDKLog [main] Starting service [Tomcat]
2023-03-13 03:56:51,765 INFO org.apache.juli.logging.DirectJDKLog [main] Starting Servlet engine: [Apache Tomcat/9.0.71]
2023-03-13 03:56:52,002 INFO org.apache.juli.logging.DirectJDKLog [main] Initializing Spring embedded WebApplicationContext
2023-03-13 03:56:52,014 INFO org.springframework.boot.web.servlet.context.ServletWebServerApplicationContext [main] Root WebApplicationContext: initialization completed in 3455 ms
2023-03-13 03:56:52,766 INFO org.hibernate.jpa.internal.util.LogHelper [main] HHH000204: Processing PersistenceUnitInfo [name: default]
2023-03-13 03:56:53,103 INFO org.hibernate.Version [main] HHH000412: Hibernate ORM core version 5.6.14.Final
2023-03-13 03:56:53,698 INFO org.hibernate.annotations.common.reflection.java.JavaReflectionManager [main] HCANN000001: Hibernate Commons Annotations {5.1.2.Final}
2023-03-13 03:56:54,759 INFO org.hibernate.dialect.Dialect [main] HHH000400: Using dialect: org.hibernate.dialect.PostgreSQL10Dialect
2023-03-13 03:56:56,126 INFO org.hibernate.engine.transaction.jta.platform.internal.JtaPlatformInitiator [main] HHH000490: Using JtaPlatform implementation: [org.hibernate.engine.transaction.jta.platform.internal.NoJtaPlatform]
2023-03-13 03:56:56,146 INFO org.springframework.orm.jpa.AbstractEntityManagerFactoryBean [main] Initialized JPA EntityManagerFactory for persistence unit 'default'
2023-03-13 03:56:58,410 WARN org.springframework.boot.autoconfigure.orm.jpa.JpaBaseConfiguration$JpaWebConfiguration [main] spring.jpa.open-in-view is enabled by default. Therefore, database queries may be performed during view rendering. Explicitly configure spring.jpa.open-in-view to disable this warning
2023-03-13 03:57:00,811 INFO org.apache.juli.logging.DirectJDKLog [main] Starting ProtocolHandler ["http-nio-8080"]
2023-03-13 03:57:00,893 INFO org.springframework.boot.web.embedded.tomcat.TomcatWebServer [main] Tomcat started on port(s): 8080 (http) with context path ''
2023-03-13 03:57:00,913 INFO org.springframework.boot.StartupInfoLogger [main] Started CurrencyApiKotlinApplicationKt in 13.854 seconds (JVM running for 14.484)
2023-03-13 03:59:15,792 INFO org.apache.juli.logging.DirectJDKLog [http-nio-8080-exec-2] Initializing Spring DispatcherServlet 'dispatcherServlet'
2023-03-13 03:59:15,815 INFO org.springframework.web.servlet.FrameworkServlet [http-nio-8080-exec-2] Initializing Servlet 'dispatcherServlet'
2023-03-13 03:59:15,876 INFO org.springframework.web.servlet.FrameworkServlet [http-nio-8080-exec-2] Completed initialization in 26 ms
2023-03-13 03:59:16,162 INFO arquitectura.software.demo.api.CurrencyApi [http-nio-8080-exec-2] Procesando solicitud de conversion de moneda: -1000 bob  a usd
2023-03-13 03:59:16,163 WARN arquitectura.software.demo.bl.CurrencyBl [http-nio-8080-exec-2] No se puede convertir una cantidad menor a 0
2023-03-13 03:59:25,589 INFO arquitectura.software.demo.api.CurrencyApi [http-nio-8080-exec-3] Procesando solicitud de conversion de moneda: 55 usd  a eur
2023-03-13 03:59:25,591 INFO arquitectura.software.demo.bl.CurrencyBl [http-nio-8080-exec-3] Convirtiendo 55 usd a eur
2023-03-13 03:59:27,562 INFO arquitectura.software.demo.bl.CurrencyBl [http-nio-8080-exec-3] Respuesta de la API: ResponseDto(success=true, query=QueryDto(from=USD, to=EUR, amount=55), date=2023-03-13, result=51.2699)
2023-03-13 03:59:27,822 INFO arquitectura.software.demo.bl.CurrencyBl [http-nio-8080-exec-3] Respuesta guardada en bd correctamente
2023-03-13 03:59:33,439 INFO arquitectura.software.demo.api.CurrencyApi [http-nio-8080-exec-4] Procesando solicitud de historial de conversiones
2023-03-13 03:59:33,445 INFO arquitectura.software.demo.bl.CurrencyBl [http-nio-8080-exec-4] Obteniendo historial de conversiones: page=2, size=5, filter={from=bob}
2023-03-13 03:59:39,850 INFO arquitectura.software.demo.api.CurrencyApi [http-nio-8080-exec-5] Procesando solicitud de historial de conversiones
2023-03-13 03:59:39,851 INFO arquitectura.software.demo.bl.CurrencyBl [http-nio-8080-exec-5] Obteniendo historial de conversiones: page=1, size=5, filter={from=bob}
2023-03-13 03:59:49,072 INFO arquitectura.software.demo.api.CurrencyApi [http-nio-8080-exec-6] Procesando solicitud de historial de conversiones
2023-03-13 03:59:49,075 INFO arquitectura.software.demo.bl.CurrencyBl [http-nio-8080-exec-6] Obteniendo historial de conversiones: page=1, size=5, filter={from=usd}
2023-03-13 04:00:04,718 INFO arquitectura.software.demo.api.CurrencyApi [http-nio-8080-exec-7] Procesando solicitud de historial de conversiones
2023-03-13 04:00:04,720 INFO arquitectura.software.demo.bl.CurrencyBl [http-nio-8080-exec-7] Obteniendo historial de conversiones: page=1, size=5, filter={to=usd}
2023-03-13 04:00:15,891 INFO arquitectura.software.demo.api.CurrencyApi [http-nio-8080-exec-1] Procesando solicitud de historial de conversiones
2023-03-13 04:00:15,893 INFO arquitectura.software.demo.bl.CurrencyBl [http-nio-8080-exec-1] Obteniendo historial de conversiones: page=2, size=5, filter={to=usd}
2023-03-13 04:00:23,971 INFO arquitectura.software.demo.api.CurrencyApi [http-nio-8080-exec-10] Procesando solicitud de historial de conversiones
2023-03-13 04:00:23,975 INFO arquitectura.software.demo.bl.CurrencyBl [http-nio-8080-exec-10] Obteniendo historial de conversiones: page=1, size=5, filter={to=usd}
2023-03-13 04:00:35,046 INFO arquitectura.software.demo.api.CurrencyApi [http-nio-8080-exec-8] Procesando solicitud de historial de conversiones
2023-03-13 04:00:35,047 INFO arquitectura.software.demo.bl.CurrencyBl [http-nio-8080-exec-8] Obteniendo historial de conversiones: page=1, size=5, filter={amount=55}
2023-03-13 04:01:03,475 INFO arquitectura.software.demo.api.CurrencyApi [http-nio-8080-exec-9] Procesando solicitud de historial de conversiones
2023-03-13 04:01:03,477 INFO arquitectura.software.demo.bl.CurrencyBl [http-nio-8080-exec-9] Obteniendo historial de conversiones: page=1, size=5, filter={from=usd, amount=100}
2023-03-13 04:01:15,044 INFO arquitectura.software.demo.api.CurrencyApi [http-nio-8080-exec-2] Procesando solicitud de historial de conversiones
2023-03-13 04:01:15,047 INFO arquitectura.software.demo.bl.CurrencyBl [http-nio-8080-exec-2] Obteniendo historial de conversiones: page=1, size=5, filter={amount=100}
2023-03-13 04:01:51,008 WARN org.springframework.web.servlet.handler.AbstractHandlerExceptionResolver [http-nio-8080-exec-3] Resolved [org.springframework.web.method.annotation.MethodArgumentTypeMismatchException: Failed to convert value of type 'java.lang.String' to required type 'java.util.Date'; nested exception is org.springframework.core.convert.ConversionFailedException: Failed to convert from type [java.lang.String] to type [@org.springframework.web.bind.annotation.RequestParam java.util.Date] for value '2023-03-13'; nested exception is java.lang.IllegalArgumentException]
2023-03-13 04:02:38,039 INFO arquitectura.software.demo.api.CurrencyApi [http-nio-8080-exec-4] Procesando solicitud de historial de conversiones
2023-03-13 04:02:38,047 INFO arquitectura.software.demo.bl.CurrencyBl [http-nio-8080-exec-4] Obteniendo historial de conversiones: page=1, size=5, filter={}
2023-03-13 04:02:51,614 WARN org.springframework.web.servlet.handler.AbstractHandlerExceptionResolver [http-nio-8080-exec-5] Resolved [org.springframework.web.method.annotation.MethodArgumentTypeMismatchException: Failed to convert value of type 'java.lang.String' to required type 'java.util.Date'; nested exception is org.springframework.core.convert.ConversionFailedException: Failed to convert from type [java.lang.String] to type [@org.springframework.web.bind.annotation.RequestParam java.util.Date] for value '2020-01-01'; nested exception is java.lang.IllegalArgumentException]
2023-03-13 04:03:09,602 INFO arquitectura.software.demo.api.CurrencyApi [http-nio-8080-exec-6] Procesando solicitud de historial de conversiones
2023-03-13 04:03:09,604 INFO arquitectura.software.demo.bl.CurrencyBl [http-nio-8080-exec-6] Obteniendo historial de conversiones: page=1, size=5, filter={from=usd}
2023-03-13 04:03:17,410 INFO arquitectura.software.demo.api.CurrencyApi [http-nio-8080-exec-7] Procesando solicitud de historial de conversiones
2023-03-13 04:03:17,411 INFO arquitectura.software.demo.bl.CurrencyBl [http-nio-8080-exec-7] Obteniendo historial de conversiones: page=1, size=5, filter={from=eur}
2023-03-13 04:03:26,637 INFO org.springframework.orm.jpa.AbstractEntityManagerFactoryBean [SpringApplicationShutdownHook] Closing JPA EntityManagerFactory for persistence unit 'default'
